Arguments: 
  /Users/fancn/.nvm/versions/node/v18.6.0/bin/node /Users/fancn/.nvm/versions/node/v14.19.1/bin/yarn add inquirer

PATH: 
  /Users/fancn/.nvm/versions/node/v18.6.0/bin:/Users/fancn/.nvm/versions/node/v14.19.1/bin:~/bash-scripts:/usr/local/opt/icu4c/sbin:/usr/local/opt/icu4c/bin:/usr/local/bin:/usr/bin:/bin:/usr/sbin:/sbin:/Library/Apple/usr/bin:/Users/fancn/.nvm/versions/node/v14.19.1/bin:~/bash-scripts:/usr/local/opt/icu4c/sbin:/usr/local/opt/icu4c/bin

Yarn version: 
  1.22.19

Node version: 
  18.6.0

Platform: 
  darwin x64

Trace: 
  Error: https://registry.yarnpkg.com/inquirer: tunneling socket could not be established, cause=connect ECONNREFUSED ::1:58591
      at ClientRequest.onError (/Users/fancn/.nvm/versions/node/v14.19.1/lib/node_modules/yarn/lib/cli.js:152376:17)
      at Object.onceWrapper (node:events:628:26)
      at ClientRequest.emit (node:events:513:28)
      at Socket.socketErrorListener (node:_http_client:481:9)
      at Socket.emit (node:events:513:28)
      at emitErrorNT (node:internal/streams/destroy:151:8)
      at emitErrorCloseNT (node:internal/streams/destroy:116:3)
      at process.processTicksAndRejections (node:internal/process/task_queues:82:21)

npm manifest: 
  {
    "name": "@fancn21th/qa-js",
    "version": "1.0.0",
    "main": "src/index.js",
    "repository": "https://github.com/fancn21th/0_202_CLI.git",
    "author": "fancn21th <fancn21th@aliyun.com> (http://fancn21th.cn/)",
    "license": "MIT",
    "type": "module"
  }

yarn manifest: 
  No manifest

Lockfile: 
  No lockfile
